<?xml version="1.0" encoding="UTF-8"?>
<!-- Generated by org.testng.reporters.JUnitReportReporter -->
<testsuite skipped="0" hostname="sunilkumar" name="com.actime.testtrack.Demo" tests="1" failures="0" timestamp="2020-08-07T15:00:22 IST" time="0.023" errors="0">
  <testcase name="runTest2" time="0.023" classname="com.actime.testtrack.Demo"/>
  <system-out>
successfully running  7 successfully running 8 successfully running 9  </system-out>
</testsuite> <!-- com.actime.testtrack.Demo -->
